<?xml version="1.0" encoding="UTF-8"?>
<testsuite name="com.example.LocalibSpringBoot.LocalibSpringBootApplicationTests" tests="1" skipped="0" failures="0" errors="0" timestamp="2023-01-09T09:56:12" hostname="LIL-1TJ3KN3" time="0.391">
  <properties/>
  <testcase name="contextLoads()" classname="com.example.LocalibSpringBoot.LocalibSpringBootApplicationTests" time="0.391"/>
  <system-out><![CDATA[10:56:10.795 [Test worker] DEBUG org.springframework.boot.test.context.SpringBootTestContextBootstrapper - Neither @ContextConfiguration nor @ContextHierarchy found for test class [LocalibSpringBootApplicationTests]: using SpringBootContextLoader
10:56:10.801 [Test worker] DEBUG org.springframework.test.context.support.AbstractContextLoader - Could not detect default resource locations for test class [com.example.LocalibSpringBoot.LocalibSpringBootApplicationTests]: no resource found for suffixes {-context.xml, Context.groovy}.
10:56:10.802 [Test worker] INFO org.springframework.test.context.support.AnnotationConfigContextLoaderUtils - Could not detect default configuration classes for test class [com.example.LocalibSpringBoot.LocalibSpringBootApplicationTests]: LocalibSpringBootApplicationTests does not declare any static, non-private, non-final, nested classes annotated with @Configuration.
10:56:10.820 [Test worker] DEBUG org.springframework.boot.test.context.SpringBootTestContextBootstrapper - Using ContextCustomizers for test class [LocalibSpringBootApplicationTests]: [DisableObservabilityContextCustomizer, PropertyMappingContextCustomizer, Customizer, ExcludeFilterContextCustomizer, DuplicateJsonObjectContextCustomizer, MockitoContextCustomizer, TestRestTemplateContextCustomizer]
10:56:10.875 [Test worker] DEBUG org.springframework.context.annotation.ClassPathScanningCandidateComponentProvider - Identified candidate component class: file [C:\Users\Administrateur\Desktop\dockerback\HaddoucheRymEcf-back\build\classes\java\main\com\example\LocalibSpringBoot\LocalibSpringBootApplication.class]
10:56:10.877 [Test worker] INFO org.springframework.boot.test.context.SpringBootTestContextBootstrapper - Found @SpringBootConfiguration com.example.LocalibSpringBoot.LocalibSpringBootApplication for test class com.example.LocalibSpringBoot.LocalibSpringBootApplicationTests
10:56:10.978 [Test worker] DEBUG org.springframework.boot.test.context.SpringBootTestContextBootstrapper - Using TestExecutionListeners for test class [LocalibSpringBootApplicationTests]: [ServletTestExecutionListener, DirtiesContextBeforeModesTestExecutionListener, ApplicationEventsTestExecutionListener, MockitoTestExecutionListener, DependencyInjectionTestExecutionListener, DirtiesContextTestExecutionListener, TransactionalTestExecutionListener, SqlScriptsTestExecutionListener, EventPublishingTestExecutionListener, RestDocsTestExecutionListener, MockRestServiceServerResetTestExecutionListener, MockMvcPrintOnlyOnFailureTestExecutionListener, WebDriverTestExecutionListener, MockWebServiceServerTestExecutionListener, ResetMocksTestExecutionListener]
10:56:10.980 [Test worker] DEBUG org.springframework.test.context.support.AbstractDirtiesContextTestExecutionListener - Before test class: class [LocalibSpringBootApplicationTests], class annotated with @DirtiesContext [false] with mode [null]

  .   ____          _            __ _ _
 /\\ / ___'_ __ _ _(_)_ __  __ _ \ \ \ \
( ( )\___ | '_ | '_| | '_ \/ _` | \ \ \ \
 \\/  ___)| |_)| | | | | || (_| |  ) ) ) )
  '  |____| .__|_| |_|_| |_\__, | / / / /
 =========|_|==============|___/=/_/_/_/
 :: Spring Boot ::                (v3.0.0)

2023-01-09T10:56:11.230+01:00  INFO 7880 --- [    Test worker] c.e.L.LocalibSpringBootApplicationTests  : Starting LocalibSpringBootApplicationTests using Java 17.0.5 with PID 7880 (started by Administrateur in C:\Users\Administrateur\Desktop\dockerback\HaddoucheRymEcf-back)
2023-01-09T10:56:11.232+01:00  INFO 7880 --- [    Test worker] c.e.L.LocalibSpringBootApplicationTests  : No active profile set, falling back to 1 default profile: "default"
2023-01-09T10:56:11.725+01:00  INFO 7880 --- [    Test worker] .s.d.r.c.RepositoryConfigurationDelegate : Bootstrapping Spring Data MongoDB repositories in DEFAULT mode.
2023-01-09T10:56:11.778+01:00  INFO 7880 --- [    Test worker] .s.d.r.c.RepositoryConfigurationDelegate : Finished Spring Data repository scanning in 48 ms. Found 3 MongoDB repository interfaces.
2023-01-09T10:56:12.114+01:00  INFO 7880 --- [    Test worker] org.mongodb.driver.client                : MongoClient with metadata {"driver": {"name": "mongo-java-driver|sync|spring-boot", "version": "4.8.0"}, "os": {"type": "Windows", "name": "Windows 10", "architecture": "amd64", "version": "10.0"}, "platform": "Java/Oracle Corporation/17.0.5+9-LTS-191"} created with settings MongoClientSettings{readPreference=primary, writeConcern=WriteConcern{w=null, wTimeout=null ms, journal=null}, retryWrites=true, retryReads=true, readConcern=ReadConcern{level=null}, credential=null, streamFactoryFactory=null, commandListeners=[], codecRegistry=ProvidersCodecRegistry{codecProviders=[ValueCodecProvider{}, BsonValueCodecProvider{}, DBRefCodecProvider{}, DBObjectCodecProvider{}, DocumentCodecProvider{}, CollectionCodecProvider{}, IterableCodecProvider{}, MapCodecProvider{}, GeoJsonCodecProvider{}, GridFSFileCodecProvider{}, Jsr310CodecProvider{}, JsonObjectCodecProvider{}, BsonCodecProvider{}, EnumCodecProvider{}, com.mongodb.Jep395RecordCodecProvider@70d77826]}, clusterSettings={hosts=[mongo_db:27017], srvServiceName=mongodb, mode=SINGLE, requiredClusterType=UNKNOWN, requiredReplicaSetName='null', serverSelector='null', clusterListeners='[]', serverSelectionTimeout='30000 ms', localThreshold='30000 ms'}, socketSettings=SocketSettings{connectTimeoutMS=10000, readTimeoutMS=0, receiveBufferSize=0, sendBufferSize=0}, heartbeatSocketSettings=SocketSettings{connectTimeoutMS=10000, readTimeoutMS=10000, receiveBufferSize=0, sendBufferSize=0}, connectionPoolSettings=ConnectionPoolSettings{maxSize=100, minSize=0, maxWaitTimeMS=120000, maxConnectionLifeTimeMS=0, maxConnectionIdleTimeMS=0, maintenanceInitialDelayMS=0, maintenanceFrequencyMS=60000, connectionPoolListeners=[], maxConnecting=2}, serverSettings=ServerSettings{heartbeatFrequencyMS=10000, minHeartbeatFrequencyMS=500, serverListeners='[]', serverMonitorListeners='[]'}, sslSettings=SslSettings{enabled=false, invalidHostNameAllowed=false, context=null}, applicationName='null', compressorList=[], uuidRepresentation=JAVA_LEGACY, serverApi=null, autoEncryptionSettings=null, contextProvider=null}
2023-01-09T10:56:12.872+01:00  INFO 7880 --- [    Test worker] c.e.L.LocalibSpringBootApplicationTests  : Started LocalibSpringBootApplicationTests in 1.847 seconds (process running for 2.78)
]]></system-out>
  <system-err><![CDATA[]]></system-err>
</testsuite>
